<?xml version="1.0" encoding="UTF-8"?>
<!-- Generated by org.testng.reporters.JUnitXMLReporter -->
<testsuite ignored="0" hostname="DESKTOP-5KB58OA" failures="0" tests="4" name="Perssonal Loan" time="0.085" errors="0" timestamp="2024-08-29T12:41:52 IST">
  <testcase classname="test.Day1" name="demo" time="0.017"/>
  <testcase classname="test.Day1" name="firstTest" time="0.002"/>
  <testcase classname="test.Day1" name="secondTest" time="0.005"/>
  <testcase classname="test.Day2" name="pLoan" time="0.002"/>
</testsuite> <!-- Perssonal Loan -->
