<?xml version="1.0" encoding="UTF-8"?>
<testng-results ignored="0" total="1" passed="1" failed="0" skipped="0">
  <reporter-output>
  </reporter-output>
  <suite started-at="2024-08-29T12:09:12 IST" name="Default suite" finished-at="2024-08-29T12:09:13 IST" duration-ms="161">
    <groups>
    </groups>
    <test started-at="2024-08-29T12:09:12 IST" name="Default test" finished-at="2024-08-29T12:09:13 IST" duration-ms="161">
      <class name="test.Day1">
        <test-method signature="demo()[pri:0, instance:test.Day1@ef9296d]" started-at="2024-08-29T12:09:13 IST" name="demo" finished-at="2024-08-29T12:09:13 IST" duration-ms="104" status="PASS">
          <reporter-output>
          </reporter-output>
        </test-method> <!-- demo -->
      </class> <!-- test.Day1 -->
    </test> <!-- Default test -->
  </suite> <!-- Default suite -->
</testng-results>
