<?xml version="1.0" encoding="UTF-8"?>
<testng-results ignored="0" total="4" passed="4" failed="0" skipped="0">
  <reporter-output>
  </reporter-output>
  <suite started-at="2024-08-29T12:41:52 IST" name="Loan Department" finished-at="2024-08-29T12:41:52 IST" duration-ms="85">
    <groups>
    </groups>
    <test started-at="2024-08-29T12:41:52 IST" name="Perssonal Loan" finished-at="2024-08-29T12:41:52 IST" duration-ms="85">
      <class name="test.Day1">
        <test-method signature="demo()[pri:0, instance:test.Day1@1c93084c]" started-at="2024-08-29T12:41:52 IST" name="demo" finished-at="2024-08-29T12:41:52 IST" duration-ms="17" status="PASS">
          <reporter-output>
          </reporter-output>
        </test-method> <!-- demo -->
        <test-method signature="firstTest()[pri:0, instance:test.Day1@1c93084c]" started-at="2024-08-29T12:41:52 IST" name="firstTest" finished-at="2024-08-29T12:41:52 IST" duration-ms="2" status="PASS">
          <reporter-output>
          </reporter-output>
        </test-method> <!-- firstTest -->
        <test-method signature="secondTest()[pri:0, instance:test.Day1@1c93084c]" started-at="2024-08-29T12:41:52 IST" name="secondTest" finished-at="2024-08-29T12:41:52 IST" duration-ms="5" status="PASS">
          <reporter-output>
          </reporter-output>
        </test-method> <!-- secondTest -->
      </class> <!-- test.Day1 -->
      <class name="test.Day2">
        <test-method signature="pLoan()[pri:0, instance:test.Day2@659a969b]" started-at="2024-08-29T12:41:52 IST" name="pLoan" finished-at="2024-08-29T12:41:52 IST" duration-ms="2" status="PASS">
          <reporter-output>
          </reporter-output>
        </test-method> <!-- pLoan -->
      </class> <!-- test.Day2 -->
    </test> <!-- Perssonal Loan -->
  </suite> <!-- Loan Department -->
</testng-results>
